11:43:33 **** Incremental Build of configuration Debug for project excercise7 ****
make all 
Building file: ../src/main.cpp
Invoking: GCC C++ Compiler
g++ -O0 -g3 -Wall -c -fmessage-length=0 -MMD -MP -MF"src/main.d" -MT"src/main.d" -o "src/main.o" "../src/main.cpp"
Finished building: ../src/main.cpp
 
Building file: ../main.cpp
Invoking: GCC C++ Compiler
g++ -O0 -g3 -Wall -c -fmessage-length=0 -MMD -MP -MF"main.d" -MT"main.d" -o "main.o" "../main.cpp"
Finished building: ../main.cpp
 
Building target: excercise7
Invoking: GCC C++ Linker
g++  -o "excercise7"  ./src/main.o  ./main.o   
./main.o: In function `main':
/home/shumet/workspace/excercise7/Debug/../main.cpp:15: multiple definition of `main'
makefile:45: recipe for target 'excercise7' failed
./src/main.o:/home/shumet/workspace/excercise7/Debug/../src/main.cpp:37: first defined here
collect2: error: ld returned 1 exit status
make: *** [excercise7] Error 1

11:43:34 Build Finished (took 1s.520ms)

